# Logfile created on Tue Oct 07 15:27:43 -0700 2008DEPRECATION WARNING: config.action_view.cache_template_extensions option has been deprecated and has no affect. Please remove it from your config files.  See http://www.rubyonrails.org/deprecation for details. (called from send at /Library/Ruby/Gems/1.8/gems/rails-2.1.1/lib/initializer.rb:464)
  [4;36;1mSQL (0.000381)[0m   [0;1mSET SQL_AUTO_IS_NULL=0[0m
  [4;35;1mEvent Columns (0.002794)[0m   [0mSHOW FIELDS FROM `events`[0m
  [4;36;1mSQL (0.090851)[0m   [0;1mALTER TABLE `events` ADD `version` int(11)[0m
  [4;35;1mSQL (0.001180)[0m   [0mSHOW TABLES[0m
  [4;36;1mSQL (0.005485)[0m   [0;1mCREATE TABLE `event_versions` (`id` int(11) DEFAULT NULL auto_increment PRIMARY KEY, `event_id` int(11), `version` int(11)) ENGINE=InnoDB[0m
  [4;35;1mEvent Columns (0.005284)[0m   [0mSHOW FIELDS FROM `events`[0m
  [4;36;1mSQL (0.039259)[0m   [0;1mALTER TABLE `event_versions` ADD `user_id` int(11) DEFAULT NULL[0m
  [4;35;1mSQL (0.013830)[0m   [0mALTER TABLE `event_versions` ADD `summary` varchar(140) DEFAULT NULL[0m
  [4;36;1mSQL (0.012427)[0m   [0;1mALTER TABLE `event_versions` ADD `status` varchar(40) DEFAULT NULL[0m
  [4;35;1mSQL (0.013138)[0m   [0mALTER TABLE `event_versions` ADD `location` varchar(140) DEFAULT NULL[0m
  [4;36;1mSQL (0.014293)[0m   [0;1mALTER TABLE `event_versions` ADD `recur` varchar(255) DEFAULT NULL[0m
  [4;35;1mSQL (0.014945)[0m   [0mALTER TABLE `event_versions` ADD `timezone` varchar(255) DEFAULT NULL[0m
  [4;36;1mSQL (0.016274)[0m   [0;1mALTER TABLE `event_versions` ADD `description` text DEFAULT NULL[0m
  [4;35;1mSQL (0.017647)[0m   [0mALTER TABLE `event_versions` ADD `start` datetime DEFAULT NULL[0m
  [4;36;1mSQL (0.017697)[0m   [0;1mALTER TABLE `event_versions` ADD `end` datetime DEFAULT NULL[0m
  [4;35;1mSQL (0.015251)[0m   [0mALTER TABLE `event_versions` ADD `updated_at` datetime DEFAULT NULL[0m
  [4;36;1mSQL (0.016090)[0m   [0;1mALTER TABLE `event_versions` ADD `versioned_type` varchar(40) DEFAULT NULL[0m
  [4;35;1mEvent Columns (0.033519)[0m   [0mSHOW FIELDS FROM `events`[0m
  [4;36;1mSQL (0.039894)[0m   [0;1mSHOW TABLES[0m
DEPRECATION WARNING: config.action_view.cache_template_extensions option has been deprecated and has no affect. Please remove it from your config files.  See http://www.rubyonrails.org/deprecation for details. (called from send at /Library/Ruby/Gems/1.8/gems/rails-2.1.1/lib/initializer.rb:464)
  [4;36;1mSQL (0.000642)[0m   [0;1mSET SQL_AUTO_IS_NULL=0[0m
  [4;35;1mSQL (0.001060)[0m   [0mSHOW TABLES[0m
  [4;36;1mSQL (0.006026)[0m   [0;1mCREATE TABLE `schema_migrations` (`version` varchar(255) NOT NULL) ENGINE=InnoDB[0m
  [4;35;1mSQL (0.013510)[0m   [0mCREATE UNIQUE INDEX `unique_schema_migrations` ON `schema_migrations` (`version`)[0m
  [4;36;1mSQL (0.001023)[0m   [0;1mSHOW TABLES[0m
  [4;35;1mSQL (0.001795)[0m   [0mSELECT version FROM `schema_info`[0m
  [4;36;1mSQL (0.000872)[0m   [0;1mSELECT version FROM `schema_migrations`[0m
  [4;35;1mSQL (0.003878)[0m   [0mINSERT INTO `schema_migrations` (version) VALUES ('2')[0m
  [4;36;1mSQL (0.001797)[0m   [0;1mINSERT INTO `schema_migrations` (version) VALUES ('1')[0m
  [4;35;1mSQL (0.029214)[0m   [0mDROP TABLE `schema_info`[0m
  [4;36;1mEvent Columns (0.004118)[0m   [0;1mSHOW FIELDS FROM `events`[0m
  [4;35;1mSQL (0.029757)[0m   [0mSHOW TABLES[0m
DEPRECATION WARNING: config.action_view.cache_template_extensions option has been deprecated and has no affect. Please remove it from your config files.  See http://www.rubyonrails.org/deprecation for details. (called from send at /Library/Ruby/Gems/1.8/gems/rails-2.1.1/lib/initializer.rb:464)
  [4;36;1mSQL (0.001501)[0m   [0;1mSET SQL_AUTO_IS_NULL=0[0m
  [4;35;1mSQL (0.076471)[0m   [0mSHOW TABLES[0m
  [4;36;1mEvent Columns (0.018313)[0m   [0;1mSHOW FIELDS FROM `events`[0m
  [4;35;1mSQL (0.023302)[0m   [0mSHOW TABLES[0m
  [4;36;1mSQL (0.001109)[0m   [0;1mSELECT version FROM schema_migrations[0m
Migrating to CreateUsers (1)
Migrating to CreateEvents (2)
Migrating to AddEventsVersions (3)
  [4;35;1mSQL (0.000945)[0m   [0mSHOW TABLES[0m
  [4;36;1mSQL (0.023511)[0m   [0;1mINSERT INTO schema_migrations (version) VALUES ('3')[0m
  [4;35;1mSQL (0.006182)[0m   [0mSHOW TABLES[0m
  [4;36;1mSQL (0.010881)[0m   [0;1mSELECT version FROM schema_migrations[0m
  [4;35;1mSQL (0.004694)[0m   [0mSHOW TABLES[0m
  [4;36;1mSQL (0.025577)[0m   [0;1mSHOW FIELDS FROM `event_versions`[0m
  [4;35;1mSQL (0.046744)[0m   [0mdescribe `event_versions`[0m
  [4;36;1mSQL (0.045762)[0m   [0;1mSHOW KEYS FROM `event_versions`[0m
  [4;35;1mSQL (0.014565)[0m   [0mSHOW FIELDS FROM `events`[0m
  [4;36;1mSQL (0.009671)[0m   [0;1mdescribe `events`[0m
  [4;35;1mSQL (0.003322)[0m   [0mSHOW KEYS FROM `events`[0m
  [4;36;1mSQL (0.004231)[0m   [0;1mSHOW FIELDS FROM `open_id_authentication_associations`[0m
  [4;35;1mSQL (0.005955)[0m   [0mdescribe `open_id_authentication_associations`[0m
  [4;36;1mSQL (0.001697)[0m   [0;1mSHOW KEYS FROM `open_id_authentication_associations`[0m
  [4;35;1mSQL (0.003771)[0m   [0mSHOW FIELDS FROM `open_id_authentication_nonces`[0m
  [4;36;1mSQL (0.005856)[0m   [0;1mdescribe `open_id_authentication_nonces`[0m
  [4;35;1mSQL (0.002354)[0m   [0mSHOW KEYS FROM `open_id_authentication_nonces`[0m
  [4;36;1mSQL (0.004459)[0m   [0;1mSHOW FIELDS FROM `users`[0m
  [4;35;1mSQL (0.006488)[0m   [0mdescribe `users`[0m
  [4;36;1mSQL (0.094719)[0m   [0;1mSHOW KEYS FROM `users`[0m
DEPRECATION WARNING: config.action_view.cache_template_extensions option has been deprecated and has no affect. Please remove it from your config files.  See http://www.rubyonrails.org/deprecation for details. (called from send at /Library/Ruby/Gems/1.8/gems/rails-2.1.1/lib/initializer.rb:464)
  [4;36;1mSQL (0.000317)[0m   [0;1mSET SQL_AUTO_IS_NULL=0[0m
  [4;35;1mEvent Columns (0.002834)[0m   [0mSHOW FIELDS FROM `events`[0m
  [4;36;1mSQL (0.005369)[0m   [0;1mSHOW TABLES[0m
  [4;35;1mSQL (0.000152)[0m   [0mBEGIN[0m
  [4;36;1mEvent Create (0.000383)[0m   [0;1mINSERT INTO `events` (`status`, `updated_at`, `timezone`, `type`, `end`, `summary`, `recur`, `description`, `start`, `version`, `user_id`, `location`, `created_at`) VALUES(NULL, '2008-10-07 15:31:15', NULL, NULL, NULL, 'New Event!', NULL, NULL, NULL, 1, NULL, NULL, '2008-10-07 15:31:15')[0m
  [4;35;1mEvent::Version Columns (0.002307)[0m   [0mSHOW FIELDS FROM `event_versions`[0m
  [4;36;1mEvent::Version Create (0.000933)[0m   [0;1mINSERT INTO `event_versions` (`event_id`, `status`, `updated_at`, `versioned_type`, `timezone`, `end`, `version`, `summary`, `recur`, `description`, `start`, `user_id`, `location`) VALUES(1, NULL, '2008-10-07 15:31:15', NULL, NULL, NULL, 1, 'New Event!', NULL, NULL, NULL, NULL, NULL)[0m
  [4;35;1mSQL (0.001623)[0m   [0mCOMMIT[0m
  [4;36;1mSQL (0.000194)[0m   [0;1mBEGIN[0m
  [4;35;1mSQL (0.005417)[0m   [0mSELECT max(`event_versions`.version) AS max_version FROM `event_versions` WHERE (`event_versions`.event_id = 1) [0m
  [4;36;1mEvent Update (0.000569)[0m   [0;1mUPDATE `events` SET `version` = 2, `summary` = 'Newer Event!', `updated_at` = '2008-10-07 15:31:35' WHERE `id` = 1[0m
  [4;35;1mEvent::Version Create (0.000347)[0m   [0mINSERT INTO `event_versions` (`event_id`, `status`, `updated_at`, `versioned_type`, `timezone`, `end`, `version`, `summary`, `recur`, `description`, `start`, `user_id`, `location`) VALUES(1, NULL, '2008-10-07 15:31:35', NULL, NULL, NULL, 2, 'Newer Event!', NULL, NULL, NULL, NULL, NULL)[0m
  [4;36;1mSQL (0.000726)[0m   [0;1mCOMMIT[0m
